Array
(
    [timestamp] => 2025-03-30 04:56:42
    [error] => cURL error 6: Could not resolve host: api.razorpay.com
    [trace] => #0 C:\xampp\htdocs\backend\vendor\rmccue\requests\src\Transport\Curl.php(219): WpOrg\Requests\Transport\Curl->process_response('', Array)
#1 C:\xampp\htdocs\backend\vendor\rmccue\requests\src\Requests.php(469): WpOrg\Requests\Transport\Curl->request('https://api.raz...', Array, '{"receipt":"rec...', Array)
#2 C:\xampp\htdocs\backend\vendor\razorpay\razorpay\src\Request.php(77): WpOrg\Requests\Requests::request('https://api.raz...', Array, '{"receipt":"rec...', 'POST', Array)
#3 C:\xampp\htdocs\backend\vendor\razorpay\razorpay\src\Entity.php(93): Razorpay\Api\Request->request('POST', 'https://api.raz...', '{"receipt":"rec...', 'v1')
#4 C:\xampp\htdocs\backend\vendor\razorpay\razorpay\src\Entity.php(20): Razorpay\Api\Entity->request('POST', 'orders/', '{"receipt":"rec...')
#5 C:\xampp\htdocs\backend\vendor\razorpay\razorpay\src\Order.php(18): Razorpay\Api\Entity->create('{"receipt":"rec...')
#6 C:\xampp\htdocs\backend\createOrder.php(62): Razorpay\Api\Order->create('{"receipt":"rec...')
#7 {main}
    [input] => Array
        (
            [doctor_id] => 9
            [patient_id] => 17
            [amount] => 1200
            [meeting_date] => 2025-03-30
            [meeting_time] => 11:30
        )

)
Array
(
    [timestamp] => 2025-03-30 08:58:03
    [error] => Missing required field: patient_id
    [trace] => #0 {main}
    [input] => Array
        (
            [doctor_id] => 11
            [patient_id] => 
            [amount] => 1000
            [meeting_date] => 2025-03-30
            [meeting_time] => 18:00
        )

)
Array
(
    [timestamp] => 2025-03-30 09:47:54
    [error] => SQLSTATE[42000]: Syntax error or access violation: 1064 You have an error in your SQL syntax; check the manual that corresponds to your MariaDB server version for the right syntax to use near ':order_id, :doctor_id, :patient_id, :amount, :status, :meeting_date, :meeting...' at line 1
    [trace] => #0 C:\xampp\htdocs\backend\createOrder.php(65): PDOStatement->execute()
#1 {main}
    [input] => Array
        (
            [doctor_id] => 123
            [patient_id] => 456
            [amount] => 500
            [meeting_date] => 2023-12-25
            [meeting_time] => 14:00
        )

)
Array
(
    [timestamp] => 2025-03-30 09:48:49
    [error] => SQLSTATE[HY093]: Invalid parameter number: number of bound variables does not match number of tokens
    [trace] => #0 C:\xampp\htdocs\backend\createOrder.php(65): PDOStatement->execute(Array)
#1 {main}
    [input] => Array
        (
            [doctor_id] => 123
            [patient_id] => 456
            [amount] => 500
            [meeting_date] => 2023-12-25
            [meeting_time] => 14:00
        )

)
Array
(
    [timestamp] => 2025-03-30 09:51:12
    [error] => SQLSTATE[23000]: Integrity constraint violation: 1452 Cannot add or update a child row: a foreign key constraint fails (`moodl`.`payments`, CONSTRAINT `payments_ibfk_1` FOREIGN KEY (`doctor_id`) REFERENCES `doctors` (`id`) ON DELETE CASCADE)
    [trace] => #0 C:\xampp\htdocs\backend\createOrder.php(84): PDOStatement->execute(Array)
#1 {main}
    [input] => Array
        (
            [doctor_id] => 123
            [patient_id] => 456
            [amount] => 500
            [meeting_date] => 2023-12-25
            [meeting_time] => 14:00
        )

)
Array
(
    [timestamp] => 2025-03-30 09:51:38
    [error] => SQLSTATE[23000]: Integrity constraint violation: 1452 Cannot add or update a child row: a foreign key constraint fails (`moodl`.`payments`, CONSTRAINT `payments_ibfk_1` FOREIGN KEY (`doctor_id`) REFERENCES `doctors` (`id`) ON DELETE CASCADE)
    [trace] => #0 C:\xampp\htdocs\backend\createOrder.php(84): PDOStatement->execute(Array)
#1 {main}
    [input] => Array
        (
            [doctor_id] => 123
            [patient_id] => 456
            [amount] => 500
            [meeting_date] => 2023-12-25
            [meeting_time] => 14:00
        )

)
Array
(
    [timestamp] => 2025-03-30 09:54:22
    [error] => SQLSTATE[23000]: Integrity constraint violation: 1452 Cannot add or update a child row: a foreign key constraint fails (`moodl`.`payments`, CONSTRAINT `payments_ibfk_1` FOREIGN KEY (`doctor_id`) REFERENCES `doctors` (`id`) ON DELETE CASCADE)
    [trace] => #0 C:\xampp\htdocs\backend\createOrder.php(76): PDOStatement->execute(Array)
#1 {main}
    [input] => Array
        (
            [doctor_id] => 123
            [patient_id] => 456
            [amount] => 500
            [meeting_date] => 2023-12-25
            [meeting_time] => 14:00
        )

)
Array
(
    [timestamp] => 2025-03-30 09:55:08
    [error] => SQLSTATE[23000]: Integrity constraint violation: 1452 Cannot add or update a child row: a foreign key constraint fails (`moodl`.`payments`, CONSTRAINT `payments_ibfk_1` FOREIGN KEY (`doctor_id`) REFERENCES `doctors` (`id`) ON DELETE CASCADE)
    [trace] => #0 C:\xampp\htdocs\backend\createOrder.php(78): PDOStatement->execute(Array)
#1 {main}
    [input] => Array
        (
            [doctor_id] => 123
            [patient_id] => 456
            [amount] => 500
            [meeting_date] => 2023-12-25
            [meeting_time] => 14:00
        )

)
Array
(
    [timestamp] => 2025-03-30 09:55:33
    [error] => SQLSTATE[23000]: Integrity constraint violation: 1452 Cannot add or update a child row: a foreign key constraint fails (`moodl`.`payments`, CONSTRAINT `payments_ibfk_2` FOREIGN KEY (`patient_id`) REFERENCES `users` (`id`) ON DELETE CASCADE)
    [trace] => #0 C:\xampp\htdocs\backend\createOrder.php(78): PDOStatement->execute(Array)
#1 {main}
    [input] => Array
        (
            [doctor_id] => 17
            [patient_id] => 456
            [amount] => 500
            [meeting_date] => 2023-12-25
            [meeting_time] => 14:00
        )

)
Array
(
    [timestamp] => 2025-03-30 10:26:29
    [error] => SQLSTATE[23000]: Integrity constraint violation: 1452 Cannot add or update a child row: a foreign key constraint fails (`moodl`.`payments`, CONSTRAINT `payments_ibfk_1` FOREIGN KEY (`doctor_id`) REFERENCES `doctors` (`id`) ON DELETE CASCADE)
    [trace] => #0 C:\xampp\htdocs\backend\createOrder.php(78): PDOStatement->execute(Array)
#1 {main}
    [input] => Array
        (
            [doctor_id] => 10
            [patient_id] => 17
            [amount] => 560
            [meeting_date] => 2025-03-30
            [meeting_time] => 14:00
        )

)
Array
(
    [timestamp] => 2025-03-30 10:26:44
    [error] => SQLSTATE[23000]: Integrity constraint violation: 1452 Cannot add or update a child row: a foreign key constraint fails (`moodl`.`payments`, CONSTRAINT `payments_ibfk_1` FOREIGN KEY (`doctor_id`) REFERENCES `doctors` (`id`) ON DELETE CASCADE)
    [trace] => #0 C:\xampp\htdocs\backend\createOrder.php(78): PDOStatement->execute(Array)
#1 {main}
    [input] => Array
        (
            [doctor_id] => 10
            [patient_id] => 17
            [amount] => 560
            [meeting_date] => 2025-03-30
            [meeting_time] => 14:00
        )

)
Array
(
    [timestamp] => 2025-03-30 10:27:14
    [error] => SQLSTATE[23000]: Integrity constraint violation: 1452 Cannot add or update a child row: a foreign key constraint fails (`moodl`.`payments`, CONSTRAINT `payments_ibfk_1` FOREIGN KEY (`doctor_id`) REFERENCES `doctors` (`id`) ON DELETE CASCADE)
    [trace] => #0 C:\xampp\htdocs\backend\createOrder.php(78): PDOStatement->execute(Array)
#1 {main}
    [input] => Array
        (
            [doctor_id] => 10
            [patient_id] => 17
            [amount] => 560
            [meeting_date] => 2025-03-30
            [meeting_time] => 14:00
        )

)
Array
(
    [timestamp] => 2025-03-30 10:28:35
    [error] => SQLSTATE[23000]: Integrity constraint violation: 1452 Cannot add or update a child row: a foreign key constraint fails (`moodl`.`payments`, CONSTRAINT `payments_ibfk_1` FOREIGN KEY (`doctor_id`) REFERENCES `doctors` (`id`) ON DELETE CASCADE)
    [trace] => #0 C:\xampp\htdocs\backend\createOrder.php(78): PDOStatement->execute(Array)
#1 {main}
    [input] => Array
        (
            [doctor_id] => 10
            [patient_id] => 17
            [amount] => 560
            [meeting_date] => 2025-03-30
            [meeting_time] => 14:00
        )

)
Array
(
    [timestamp] => 2025-03-30 10:29:14
    [error] => SQLSTATE[23000]: Integrity constraint violation: 1452 Cannot add or update a child row: a foreign key constraint fails (`moodl`.`payments`, CONSTRAINT `payments_ibfk_1` FOREIGN KEY (`doctor_id`) REFERENCES `doctors` (`id`) ON DELETE CASCADE)
    [trace] => #0 C:\xampp\htdocs\backend\createOrder.php(78): PDOStatement->execute(Array)
#1 {main}
    [input] => Array
        (
            [doctor_id] => 10
            [patient_id] => 17
            [amount] => 560
            [meeting_date] => 2025-03-30
            [meeting_time] => 14:00
        )

)
Array
(
    [timestamp] => 2025-03-30 10:32:07
    [error] => SQLSTATE[23000]: Integrity constraint violation: 1452 Cannot add or update a child row: a foreign key constraint fails (`moodl`.`payments`, CONSTRAINT `payments_ibfk_1` FOREIGN KEY (`doctor_id`) REFERENCES `doctors` (`id`) ON DELETE CASCADE)
    [trace] => #0 C:\xampp\htdocs\backend\createOrder.php(78): PDOStatement->execute(Array)
#1 {main}
    [input] => Array
        (
            [doctor_id] => 10
            [patient_id] => 17
            [amount] => 560
            [meeting_date] => 2025-03-30
            [meeting_time] => 14:00
        )

)
Array
(
    [timestamp] => 2025-03-30 10:32:17
    [error] => SQLSTATE[23000]: Integrity constraint violation: 1452 Cannot add or update a child row: a foreign key constraint fails (`moodl`.`payments`, CONSTRAINT `payments_ibfk_1` FOREIGN KEY (`doctor_id`) REFERENCES `doctors` (`id`) ON DELETE CASCADE)
    [trace] => #0 C:\xampp\htdocs\backend\createOrder.php(78): PDOStatement->execute(Array)
#1 {main}
    [input] => Array
        (
            [doctor_id] => 10
            [patient_id] => 17
            [amount] => 560
            [meeting_date] => 2025-03-30
            [meeting_time] => 14:00
        )

)
Array
(
    [timestamp] => 2025-03-30 10:33:49
    [error] => SQLSTATE[23000]: Integrity constraint violation: 1452 Cannot add or update a child row: a foreign key constraint fails (`moodl`.`payments`, CONSTRAINT `payments_ibfk_1` FOREIGN KEY (`doctor_id`) REFERENCES `doctors` (`id`) ON DELETE CASCADE)
    [trace] => #0 C:\xampp\htdocs\backend\createOrder.php(78): PDOStatement->execute(Array)
#1 {main}
    [input] => Array
        (
            [doctor_id] => 10
            [patient_id] => 17
            [amount] => 560
            [meeting_date] => 2025-03-30
            [meeting_time] => 14:00
        )

)
Array
(
    [timestamp] => 2025-03-30 10:35:12
    [error] => SQLSTATE[23000]: Integrity constraint violation: 1452 Cannot add or update a child row: a foreign key constraint fails (`moodl`.`payments`, CONSTRAINT `payments_ibfk_1` FOREIGN KEY (`doctor_id`) REFERENCES `doctors` (`id`) ON DELETE CASCADE)
    [trace] => #0 C:\xampp\htdocs\backend\createOrder.php(78): PDOStatement->execute(Array)
#1 {main}
    [input] => Array
        (
            [doctor_id] => 10
            [patient_id] => 11
            [amount] => 500
            [meeting_date] => 2023-12-25
            [meeting_time] => 14:00
        )

)
Array
(
    [timestamp] => 2025-03-30 10:35:20
    [error] => SQLSTATE[23000]: Integrity constraint violation: 1452 Cannot add or update a child row: a foreign key constraint fails (`moodl`.`payments`, CONSTRAINT `payments_ibfk_1` FOREIGN KEY (`doctor_id`) REFERENCES `doctors` (`id`) ON DELETE CASCADE)
    [trace] => #0 C:\xampp\htdocs\backend\createOrder.php(78): PDOStatement->execute(Array)
#1 {main}
    [input] => Array
        (
            [doctor_id] => 10
            [patient_id] => 11
            [amount] => 500
            [meeting_date] => 2023-12-25
            [meeting_time] => 14:00
        )

)
Array
(
    [timestamp] => 2025-03-30 10:54:54
    [error] => SQLSTATE[23000]: Integrity constraint violation: 1452 Cannot add or update a child row: a foreign key constraint fails (`moodl`.`payments`, CONSTRAINT `payments_ibfk_1` FOREIGN KEY (`doctor_id`) REFERENCES `doctors` (`id`) ON DELETE CASCADE)
    [trace] => #0 C:\xampp\htdocs\backend\createOrder.php(77): PDOStatement->execute(Array)
#1 {main}
    [input] => Array
        (
            [doctor_id] => 10
            [patient_id] => 11
            [amount] => 500
            [meeting_date] => 2023-12-25
            [meeting_time] => 14:00
        )

)
Array
(
    [timestamp] => 2025-03-30 10:55:12
    [error] => SQLSTATE[23000]: Integrity constraint violation: 1452 Cannot add or update a child row: a foreign key constraint fails (`moodl`.`payments`, CONSTRAINT `payments_ibfk_1` FOREIGN KEY (`doctor_id`) REFERENCES `doctors` (`id`) ON DELETE CASCADE)
    [trace] => #0 C:\xampp\htdocs\backend\createOrder.php(77): PDOStatement->execute(Array)
#1 {main}
    [input] => Array
        (
            [doctor_id] => 10
            [patient_id] => 11
            [amount] => 500
            [meeting_date] => 2023-12-25
            [meeting_time] => 14:00
        )

)
Array
(
    [timestamp] => 2025-03-30 10:55:46
    [error] => SQLSTATE[23000]: Integrity constraint violation: 1452 Cannot add or update a child row: a foreign key constraint fails (`moodl`.`payments`, CONSTRAINT `payments_ibfk_1` FOREIGN KEY (`doctor_id`) REFERENCES `doctors` (`id`) ON DELETE CASCADE)
    [trace] => #0 C:\xampp\htdocs\backend\createOrder.php(77): PDOStatement->execute(Array)
#1 {main}
    [input] => Array
        (
            [doctor_id] => 10
            [patient_id] => 11
            [amount] => 500
            [meeting_date] => 2023-12-25
            [meeting_time] => 14:00
        )

)
