Array
(
    [timestamp] => 2025-03-29 18:13:39
    [input] => Array
        (
            [doctor_id] => 8
            [patient_id] => 17
            [amount] => 690
            [meeting_date] => 2025-03-29
            [meeting_time] => 12:00
        )

)
Array
(
    [timestamp] => 2025-03-29 18:14:15
    [input] => Array
        (
            [doctor_id] => 8
            [patient_id] => 17
            [amount] => 690
            [meeting_date] => 2025-03-29
            [meeting_time] => 12:00
        )

)
Array
(
    [timestamp] => 2025-03-29 18:17:13
    [input] => Array
        (
            [doctor_id] => 8
            [patient_id] => 17
            [amount] => 690
            [meeting_date] => 2025-03-29
            [meeting_time] => 17:00
        )

)
Array
(
    [timestamp] => 2025-03-29 18:46:11
    [input] => Array
        (
            [doctor_id] => 11
            [patient_id] => 17
            [amount] => 1000
            [meeting_date] => 2025-03-31
            [meeting_time] => 12:30
        )

)
Array
(
    [timestamp] => 2025-03-30 04:56:42
    [input] => Array
        (
            [doctor_id] => 9
            [patient_id] => 17
            [amount] => 1200
            [meeting_date] => 2025-03-30
            [meeting_time] => 11:30
        )

)
Array
(
    [timestamp] => 2025-03-30 06:12:02
    [input] => Array
        (
            [doctor_id] => 9
            [patient_id] => 17
            [amount] => 1200
            [meeting_date] => 2025-03-30
            [meeting_time] => 17:00
        )

)
Array
(
    [timestamp] => 2025-03-30 08:07:02
    [input] => Array
        (
            [doctor_id] => 11
            [patient_id] => 17
            [amount] => 1000
            [meeting_date] => 2025-03-30
            [meeting_time] => 12:30
        )

)
Array
(
    [timestamp] => 2025-03-30 08:47:03
    [input] => Array
        (
            [doctor_id] => 11
            [patient_id] => 17
            [amount] => 1000
            [meeting_date] => 2025-03-30
            [meeting_time] => 15:00
        )

)
Array
(
    [timestamp] => 2025-03-30 08:49:32
    [input] => Array
        (
            [doctor_id] => 10
            [patient_id] => 17
            [amount] => 560
            [meeting_date] => 2025-03-30
            [meeting_time] => 17:30
        )

)
Array
(
    [timestamp] => 2025-03-30 08:51:05
    [input] => Array
        (
            [doctor_id] => 10
            [patient_id] => 17
            [amount] => 560
            [meeting_date] => 2025-03-30
            [meeting_time] => 17:30
        )

)
Array
(
    [timestamp] => 2025-03-30 08:51:32
    [input] => Array
        (
            [doctor_id] => 10
            [patient_id] => 17
            [amount] => 560
            [meeting_date] => 2025-03-30
            [meeting_time] => 17:30
        )

)
Array
(
    [timestamp] => 2025-03-30 08:54:16
    [input] => Array
        (
            [doctor_id] => 10
            [patient_id] => 17
            [amount] => 560
            [meeting_date] => 2025-03-30
            [meeting_time] => 17:00
        )

)
Array
(
    [timestamp] => 2025-03-30 08:57:08
    [input] => Array
        (
            [doctor_id] => 10
            [patient_id] => 17
            [amount] => 560
            [meeting_date] => 2025-03-30
            [meeting_time] => 17:00
        )

)
Array
(
    [timestamp] => 2025-03-30 08:58:03
    [input] => Array
        (
            [doctor_id] => 11
            [patient_id] => 
            [amount] => 1000
            [meeting_date] => 2025-03-30
            [meeting_time] => 18:00
        )

)
Array
(
    [timestamp] => 2025-03-30 09:06:42
    [input] => Array
        (
            [doctor_id] => 10
            [patient_id] => 17
            [amount] => 560
            [meeting_date] => 2025-03-30
            [meeting_time] => 15:00
        )

)
Array
(
    [timestamp] => 2025-03-30 09:07:33
    [input] => Array
        (
            [doctor_id] => 10
            [patient_id] => 17
            [amount] => 560
            [meeting_date] => 2025-03-30
            [meeting_time] => 14:30
        )

)
Array
(
    [timestamp] => 2025-03-30 09:11:23
    [input] => Array
        (
            [doctor_id] => 10
            [patient_id] => 17
            [amount] => 560
            [meeting_date] => 2025-03-30
            [meeting_time] => 16:30
        )

)
Array
(
    [timestamp] => 2025-03-30 09:14:57
    [input] => Array
        (
            [doctor_id] => 11
            [patient_id] => 17
            [amount] => 1000
            [meeting_date] => 2025-03-30
            [meeting_time] => 18:00
        )

)
Array
(
    [timestamp] => 2025-03-30 09:16:24
    [input] => Array
        (
            [doctor_id] => 11
            [patient_id] => 17
            [amount] => 1000
            [meeting_date] => 2025-03-30
            [meeting_time] => 18:00
        )

)
Array
(
    [timestamp] => 2025-03-30 09:26:32
    [input] => Array
        (
            [doctor_id] => 11
            [patient_id] => 17
            [amount] => 1000
            [meeting_date] => 2025-03-30
            [meeting_time] => 18:00
        )

)
Array
(
    [timestamp] => 2025-03-30 09:28:17
    [input] => Array
        (
            [doctor_id] => 11
            [patient_id] => 17
            [amount] => 1000
            [meeting_date] => 2025-03-30
            [meeting_time] => 17:30
        )

)
Array
(
    [timestamp] => 2025-03-30 09:39:58
    [input] => Array
        (
            [doctor_id] => 11
            [patient_id] => 17
            [amount] => 1000
            [meeting_date] => 2025-03-31
            [meeting_time] => 17:00
        )

)
Array
(
    [timestamp] => 2025-03-30 09:41:02
    [input] => Array
        (
            [doctor_id] => 11
            [patient_id] => 17
            [amount] => 1000
            [meeting_date] => 2025-03-30
            [meeting_time] => 17:00
        )

)
Array
(
    [timestamp] => 2025-03-30 09:43:26
    [input] => Array
        (
            [doctor_id] => 123
            [patient_id] => 456
            [amount] => 500
            [meeting_date] => 2023-12-25
            [meeting_time] => 14:00
        )

)
Array
(
    [timestamp] => 2025-03-30 09:47:54
    [input] => Array
        (
            [doctor_id] => 123
            [patient_id] => 456
            [amount] => 500
            [meeting_date] => 2023-12-25
            [meeting_time] => 14:00
        )

)
Array
(
    [timestamp] => 2025-03-30 09:48:48
    [input] => Array
        (
            [doctor_id] => 123
            [patient_id] => 456
            [amount] => 500
            [meeting_date] => 2023-12-25
            [meeting_time] => 14:00
        )

)
Array
(
    [timestamp] => 2025-03-30 09:51:11
    [input] => Array
        (
            [doctor_id] => 123
            [patient_id] => 456
            [amount] => 500
            [meeting_date] => 2023-12-25
            [meeting_time] => 14:00
        )

)
Array
(
    [timestamp] => 2025-03-30 09:51:37
    [input] => Array
        (
            [doctor_id] => 123
            [patient_id] => 456
            [amount] => 500
            [meeting_date] => 2023-12-25
            [meeting_time] => 14:00
        )

)
Array
(
    [timestamp] => 2025-03-30 09:54:21
    [input] => Array
        (
            [doctor_id] => 123
            [patient_id] => 456
            [amount] => 500
            [meeting_date] => 2023-12-25
            [meeting_time] => 14:00
        )

)
Array
(
    [timestamp] => 2025-03-30 09:55:07
    [input] => Array
        (
            [doctor_id] => 123
            [patient_id] => 456
            [amount] => 500
            [meeting_date] => 2023-12-25
            [meeting_time] => 14:00
        )

)
Array
(
    [timestamp] => 2025-03-30 09:55:32
    [input] => Array
        (
            [doctor_id] => 17
            [patient_id] => 456
            [amount] => 500
            [meeting_date] => 2023-12-25
            [meeting_time] => 14:00
        )

)
Array
(
    [timestamp] => 2025-03-30 09:55:46
    [input] => Array
        (
            [doctor_id] => 17
            [patient_id] => 11
            [amount] => 500
            [meeting_date] => 2023-12-25
            [meeting_time] => 14:00
        )

)
Array
(
    [timestamp] => 2025-03-30 09:55:59
    [input] => Array
        (
            [doctor_id] => 11
            [patient_id] => 17
            [amount] => 1000
            [meeting_date] => 2025-03-30
            [meeting_time] => 17:00
        )

)
Array
(
    [timestamp] => 2025-03-30 09:59:14
    [input] => Array
        (
            [doctor_id] => 11
            [patient_id] => 17
            [amount] => 1000
            [meeting_date] => 2025-03-30
            [meeting_time] => 16:30
        )

)
Array
(
    [timestamp] => 2025-03-30 10:01:44
    [input] => Array
        (
            [doctor_id] => 11
            [patient_id] => 17
            [amount] => 1000
            [meeting_date] => 2025-03-30
            [meeting_time] => 16:00
        )

)
Array
(
    [timestamp] => 2025-03-30 10:04:18
    [input] => Array
        (
            [doctor_id] => 11
            [patient_id] => 17
            [amount] => 1000
            [meeting_date] => 2025-03-30
            [meeting_time] => 15:30
        )

)
Array
(
    [timestamp] => 2025-03-30 10:07:41
    [input] => Array
        (
            [doctor_id] => 11
            [patient_id] => 17
            [amount] => 1000
            [meeting_date] => 2025-03-30
            [meeting_time] => 15:00
        )

)
Array
(
    [timestamp] => 2025-03-30 10:16:32
    [input] => Array
        (
            [doctor_id] => 11
            [patient_id] => 17
            [amount] => 1000
            [meeting_date] => 2025-03-30
            [meeting_time] => 14:30
        )

)
Array
(
    [timestamp] => 2025-03-30 10:22:45
    [input] => Array
        (
            [doctor_id] => 11
            [patient_id] => 17
            [amount] => 1000
            [meeting_date] => 2025-03-30
            [meeting_time] => 14:00
        )

)
Array
(
    [timestamp] => 2025-03-30 10:26:29
    [input] => Array
        (
            [doctor_id] => 10
            [patient_id] => 17
            [amount] => 560
            [meeting_date] => 2025-03-30
            [meeting_time] => 14:00
        )

)
Array
(
    [timestamp] => 2025-03-30 10:26:43
    [input] => Array
        (
            [doctor_id] => 10
            [patient_id] => 17
            [amount] => 560
            [meeting_date] => 2025-03-30
            [meeting_time] => 14:00
        )

)
Array
(
    [timestamp] => 2025-03-30 10:27:14
    [input] => Array
        (
            [doctor_id] => 10
            [patient_id] => 17
            [amount] => 560
            [meeting_date] => 2025-03-30
            [meeting_time] => 14:00
        )

)
Array
(
    [timestamp] => 2025-03-30 10:27:39
    [input] => Array
        (
            [doctor_id] => 11
            [patient_id] => 17
            [amount] => 1000
            [meeting_date] => 2025-03-30
            [meeting_time] => 13:30
        )

)
Array
(
    [timestamp] => 2025-03-30 10:28:34
    [input] => Array
        (
            [doctor_id] => 10
            [patient_id] => 17
            [amount] => 560
            [meeting_date] => 2025-03-30
            [meeting_time] => 14:00
        )

)
Array
(
    [timestamp] => 2025-03-30 10:29:14
    [input] => Array
        (
            [doctor_id] => 10
            [patient_id] => 17
            [amount] => 560
            [meeting_date] => 2025-03-30
            [meeting_time] => 14:00
        )

)
Array
(
    [timestamp] => 2025-03-30 10:32:06
    [input] => Array
        (
            [doctor_id] => 10
            [patient_id] => 17
            [amount] => 560
            [meeting_date] => 2025-03-30
            [meeting_time] => 14:00
        )

)
Array
(
    [timestamp] => 2025-03-30 10:32:16
    [input] => Array
        (
            [doctor_id] => 10
            [patient_id] => 17
            [amount] => 560
            [meeting_date] => 2025-03-30
            [meeting_time] => 14:00
        )

)
Array
(
    [timestamp] => 2025-03-30 10:33:48
    [input] => Array
        (
            [doctor_id] => 10
            [patient_id] => 17
            [amount] => 560
            [meeting_date] => 2025-03-30
            [meeting_time] => 14:00
        )

)
Array
(
    [timestamp] => 2025-03-30 10:35:11
    [input] => Array
        (
            [doctor_id] => 10
            [patient_id] => 11
            [amount] => 500
            [meeting_date] => 2023-12-25
            [meeting_time] => 14:00
        )

)
Array
(
    [timestamp] => 2025-03-30 10:35:20
    [input] => Array
        (
            [doctor_id] => 10
            [patient_id] => 11
            [amount] => 500
            [meeting_date] => 2023-12-25
            [meeting_time] => 14:00
        )

)
Array
(
    [timestamp] => 2025-03-30 10:54:53
    [input] => Array
        (
            [doctor_id] => 10
            [patient_id] => 11
            [amount] => 500
            [meeting_date] => 2023-12-25
            [meeting_time] => 14:00
        )

)
Array
(
    [timestamp] => 2025-03-30 10:55:11
    [input] => Array
        (
            [doctor_id] => 10
            [patient_id] => 11
            [amount] => 500
            [meeting_date] => 2023-12-25
            [meeting_time] => 14:00
        )

)
Array
(
    [timestamp] => 2025-03-30 10:55:46
    [input] => Array
        (
            [doctor_id] => 10
            [patient_id] => 11
            [amount] => 500
            [meeting_date] => 2023-12-25
            [meeting_time] => 14:00
        )

)
Array
(
    [timestamp] => 2025-03-30 10:56:14
    [input] => Array
        (
            [doctor_id] => 10
            [patient_id] => 11
            [amount] => 500
            [meeting_date] => 2023-12-25
            [meeting_time] => 14:00
        )

)
Array
(
    [timestamp] => 2025-03-30 10:56:30
    [input] => Array
        (
            [doctor_id] => 10
            [patient_id] => 17
            [amount] => 560
            [meeting_date] => 2025-03-30
            [meeting_time] => 14:00
        )

)
Array
(
    [timestamp] => 2025-03-30 10:59:10
    [input] => Array
        (
            [doctor_id] => 10
            [patient_id] => 17
            [amount] => 560
            [meeting_date] => 2025-03-30
            [meeting_time] => 16:00
        )

)
Array
(
    [timestamp] => 2025-03-30 11:01:53
    [input] => Array
        (
            [doctor_id] => 8
            [patient_id] => 17
            [amount] => 690
            [meeting_date] => 2025-03-30
            [meeting_time] => 17:00
        )

)
Array
(
    [timestamp] => 2025-03-30 11:12:46
    [input] => Array
        (
            [doctor_id] => 8
            [patient_id] => 17
            [amount] => 690
            [meeting_date] => 2025-03-30
            [meeting_time] => 16:30
        )

)
Array
(
    [timestamp] => 2025-03-30 11:20:03
    [input] => Array
        (
            [doctor_id] => 8
            [patient_id] => 17
            [amount] => 690
            [meeting_date] => 2025-03-30
            [meeting_time] => 16:30
        )

)
Array
(
    [timestamp] => 2025-03-30 11:22:23
    [input] => Array
        (
            [doctor_id] => 8
            [patient_id] => 17
            [amount] => 690
            [meeting_date] => 2025-03-30
            [meeting_time] => 16:00
        )

)
